{"C:\\Users\\Oumniya\\Desktop\\mercado-emociones\\models\\Emocion.js":{"path":"C:\\Users\\Oumniya\\Desktop\\mercado-emociones\\models\\Emocion.js","statementMap":{"0":{"start":{"line":1,"column":17},"end":{"line":1,"column":36}},"1":{"start":{"line":3,"column":22},"end":{"line":45,"column":2}},"2":{"start":{"line":47,"column":0},"end":{"line":47,"column":58}}},"fnMap":{},"branchMap":{},"s":{"0":1,"1":1,"2":1},"f":{},"b":{},"_coverageSchema":"1a1c01bbd47fc00a2c39e90264f33305004495a9","hash":"f6615e235d966c7ac5d96bbe55030236606ba2e5","contentHash":"46400b4f3911015a5fa757dc512971795a0431a430882eb7109e897aa54c6fc1"},"C:\\Users\\Oumniya\\Desktop\\mercado-emociones\\models\\Usuario.js":{"path":"C:\\Users\\Oumniya\\Desktop\\mercado-emociones\\models\\Usuario.js","statementMap":{"0":{"start":{"line":1,"column":17},"end":{"line":1,"column":36}},"1":{"start":{"line":3,"column":22},"end":{"line":42,"column":2}},"2":{"start":{"line":44,"column":0},"end":{"line":44,"column":58}}},"fnMap":{},"branchMap":{},"s":{"0":1,"1":1,"2":1},"f":{},"b":{},"_coverageSchema":"1a1c01bbd47fc00a2c39e90264f33305004495a9","hash":"dda43e283f53e172779fa12ea4fc57d7319352b6","contentHash":"72ab44a0ab45a7c13f3a7f32bbd2549258808f1e9f3235d14ef9d50eb737b4b3"}}