{"C:\\Users\\Oumniya\\Desktop\\mercado-emociones\\backend\\models\\Emotion.js":{"path":"C:\\Users\\Oumniya\\Desktop\\mercado-emociones\\backend\\models\\Emotion.js","statementMap":{"0":{"start":{"line":2,"column":2},"end":{"line":2,"column":21}},"1":{"start":{"line":9,"column":2},"end":{"line":85,"column":3}},"2":{"start":{"line":91,"column":0},"end":{"line":95,"column":4}}},"fnMap":{},"branchMap":{},"s":{"0":1,"1":1,"2":1},"f":{},"b":{},"_coverageSchema":"1a1c01bbd47fc00a2c39e90264f33305004495a9","hash":"252cf558181c04b3c6b5e0551c75c46db2c4087a","contentHash":"96a45d29db256f70b490ead3cd23cdef943add3c7684c7d360936e506603527b"},"C:\\Users\\Oumniya\\Desktop\\mercado-emociones\\backend\\models\\User.js":{"path":"C:\\Users\\Oumniya\\Desktop\\mercado-emociones\\backend\\models\\User.js","statementMap":{"0":{"start":{"line":2,"column":2},"end":{"line":2,"column":21}},"1":{"start":{"line":5,"column":2},"end":{"line":5,"column":21}},"2":{"start":{"line":12,"column":2},"end":{"line":80,"column":3}},"3":{"start":{"line":86,"column":0},"end":{"line":115,"column":2}},"4":{"start":{"line":91,"column":4},"end":{"line":100,"column":5}},"5":{"start":{"line":99,"column":6},"end":{"line":99,"column":13}},"6":{"start":{"line":104,"column":6},"end":{"line":104,"column":30}},"7":{"start":{"line":107,"column":4},"end":{"line":113,"column":8}},"8":{"start":{"line":121,"column":0},"end":{"line":132,"column":4}},"9":{"start":{"line":126,"column":4},"end":{"line":131,"column":6}},"10":{"start":{"line":138,"column":0},"end":{"line":144,"column":4}}},"fnMap":{"0":{"name":"(anonymous_0)","decl":{"start":{"line":88,"column":2},"end":{"line":88,"column":3}},"loc":{"start":{"line":88,"column":20},"end":{"line":114,"column":3}},"line":88},"1":{"name":"(anonymous_1)","decl":{"start":{"line":122,"column":2},"end":{"line":122,"column":3}},"loc":{"start":{"line":124,"column":4},"end":{"line":132,"column":3}},"line":124}},"branchMap":{"0":{"loc":{"start":{"line":91,"column":4},"end":{"line":100,"column":5}},"type":"if","locations":[{"start":{"line":91,"column":4},"end":{"line":100,"column":5}},{"start":{},"end":{}}],"line":91}},"s":{"0":1,"1":1,"2":1,"3":1,"4":0,"5":0,"6":0,"7":0,"8":1,"9":0,"10":1},"f":{"0":0,"1":0},"b":{"0":[0,0]},"_coverageSchema":"1a1c01bbd47fc00a2c39e90264f33305004495a9","hash":"e73813fbcb76582738a0ed8b9d3a82ec2e86b424","contentHash":"be4900be2d52679a480d4d1ba42aee4db0f9957a38ab389880e4461c313e775b"}}